  armor.cpp
  item.cpp
  Main.cpp
c:\users\noah\source\repos\cis108_lab10-redo2\cis108_lab10-master2\the phantom runes2\tpr2\main.cpp\map.h(13): warning C4129: ' ': unrecognized character escape sequence
c:\users\noah\source\repos\cis108_lab10-redo2\cis108_lab10-master2\the phantom runes2\tpr2\main.cpp\map.h(14): warning C4129: ' ': unrecognized character escape sequence
c:\users\noah\source\repos\cis108_lab10-redo2\cis108_lab10-master2\the phantom runes2\tpr2\main.cpp\map.h(14): warning C4129: '.': unrecognized character escape sequence
c:\users\noah\source\repos\cis108_lab10-redo2\cis108_lab10-master2\the phantom runes2\tpr2\main.cpp\map.h(15): warning C4129: '_': unrecognized character escape sequence
c:\users\noah\source\repos\cis108_lab10-redo2\cis108_lab10-master2\the phantom runes2\tpr2\main.cpp\map.h(15): warning C4129: ' ': unrecognized character escape sequence
c:\users\noah\source\repos\cis108_lab10-redo2\cis108_lab10-master2\the phantom runes2\tpr2\main.cpp\map.h(16): warning C4129: ';': unrecognized character escape sequence
c:\users\noah\source\repos\cis108_lab10-redo2\cis108_lab10-master2\the phantom runes2\tpr2\main.cpp\map.h(16): warning C4129: ' ': unrecognized character escape sequence
c:\users\noah\source\repos\cis108_lab10-redo2\cis108_lab10-master2\the phantom runes2\tpr2\main.cpp\map.h(19): warning C4129: ' ': unrecognized character escape sequence
c:\users\noah\source\repos\cis108_lab10-redo2\cis108_lab10-master2\the phantom runes2\tpr2\main.cpp\map.h(24): warning C4129: ' ': unrecognized character escape sequence
c:\users\noah\source\repos\cis108_lab10-redo2\cis108_lab10-master2\the phantom runes2\tpr2\main.cpp\map.h(31): warning C4129: ' ': unrecognized character escape sequence
c:\users\noah\source\repos\cis108_lab10-redo2\cis108_lab10-master2\the phantom runes2\tpr2\main.cpp\map.h(33): warning C4129: '*': unrecognized character escape sequence
c:\users\noah\source\repos\cis108_lab10-redo2\cis108_lab10-master2\the phantom runes2\tpr2\main.cpp\map.h(34): warning C4129: ' ': unrecognized character escape sequence
c:\users\noah\source\repos\cis108_lab10-redo2\cis108_lab10-master2\the phantom runes2\tpr2\main.cpp\map.h(35): warning C4129: '_': unrecognized character escape sequence
c:\users\noah\source\repos\cis108_lab10-redo2\cis108_lab10-master2\the phantom runes2\tpr2\main.cpp\map.h(35): warning C4129: ' ': unrecognized character escape sequence
c:\users\noah\source\repos\cis108_lab10-redo2\cis108_lab10-master2\the phantom runes2\tpr2\main.cpp\map.h(36): warning C4129: ' ': unrecognized character escape sequence
c:\users\noah\source\repos\cis108_lab10-redo2\cis108_lab10-master2\the phantom runes2\tpr2\main.cpp\map.h(37): warning C4129: ' ': unrecognized character escape sequence
c:\users\noah\source\repos\cis108_lab10-redo2\cis108_lab10-master2\the phantom runes2\tpr2\main.cpp\map.h(38): warning C4129: '_': unrecognized character escape sequence
c:\users\noah\source\repos\cis108_lab10-redo2\cis108_lab10-master2\the phantom runes2\tpr2\main.cpp\map.h(39): warning C4129: '.': unrecognized character escape sequence
c:\users\noah\source\repos\cis108_lab10-redo2\cis108_lab10-master2\the phantom runes2\tpr2\main.cpp\map.h(40): warning C4129: ' ': unrecognized character escape sequence
c:\users\noah\source\repos\cis108_lab10-redo2\cis108_lab10-master2\the phantom runes2\tpr2\main.cpp\map.h(40): warning C4129: '_': unrecognized character escape sequence
c:\users\noah\source\repos\cis108_lab10-redo2\cis108_lab10-master2\the phantom runes2\tpr2\main.cpp\main.cpp(23): warning C4083: expected '('; found identifier 'disable'
c:\users\noah\source\repos\cis108_lab10-redo2\cis108_lab10-master2\the phantom runes2\tpr2\main.cpp\main.cpp(24): warning C4083: expected '('; found identifier 'disable'
c:\users\noah\source\repos\cis108_lab10-redo2\cis108_lab10-master2\the phantom runes2\tpr2\main.cpp\main.cpp(25): warning C4083: expected '('; found identifier 'disable'
c:\users\noah\source\repos\cis108_lab10-redo2\cis108_lab10-master2\the phantom runes2\tpr2\main.cpp\main.cpp(174): warning C4129: ' ': unrecognized character escape sequence
c:\users\noah\source\repos\cis108_lab10-redo2\cis108_lab10-master2\the phantom runes2\tpr2\main.cpp\main.cpp(176): warning C4129: ' ': unrecognized character escape sequence
c:\users\noah\source\repos\cis108_lab10-redo2\cis108_lab10-master2\the phantom runes2\tpr2\main.cpp\main.cpp(176): warning C4129: '|': unrecognized character escape sequence
c:\users\noah\source\repos\cis108_lab10-redo2\cis108_lab10-master2\the phantom runes2\tpr2\main.cpp\main.cpp(178): warning C4129: '_': unrecognized character escape sequence
c:\users\noah\source\repos\cis108_lab10-redo2\cis108_lab10-master2\the phantom runes2\tpr2\main.cpp\main.cpp(179): warning C4129: ' ': unrecognized character escape sequence
c:\users\noah\source\repos\cis108_lab10-redo2\cis108_lab10-master2\the phantom runes2\tpr2\main.cpp\main.cpp(181): warning C4129: '/': unrecognized character escape sequence
c:\users\noah\source\repos\cis108_lab10-redo2\cis108_lab10-master2\the phantom runes2\tpr2\main.cpp\main.cpp(182): warning C4129: ' ': unrecognized character escape sequence
c:\users\noah\source\repos\cis108_lab10-redo2\cis108_lab10-master2\the phantom runes2\tpr2\main.cpp\main.cpp(182): warning C4129: '_': unrecognized character escape sequence
c:\users\noah\source\repos\cis108_lab10-redo2\cis108_lab10-master2\the phantom runes2\tpr2\main.cpp\main.cpp(183): warning C4129: '_': unrecognized character escape sequence
c:\users\noah\source\repos\cis108_lab10-redo2\cis108_lab10-master2\the phantom runes2\tpr2\main.cpp\main.cpp(353): warning C4244: 'argument': conversion from 'time_t' to 'unsigned int', possible loss of data
c:\users\noah\source\repos\cis108_lab10-redo2\cis108_lab10-master2\the phantom runes2\tpr2\main.cpp\main.cpp(403): warning C4244: 'argument': conversion from 'time_t' to 'unsigned int', possible loss of data
c:\users\noah\source\repos\cis108_lab10-redo2\cis108_lab10-master2\the phantom runes2\tpr2\main.cpp\main.cpp(417): warning C4244: 'argument': conversion from 'time_t' to 'unsigned int', possible loss of data
c:\users\noah\source\repos\cis108_lab10-redo2\cis108_lab10-master2\the phantom runes2\tpr2\main.cpp\main.cpp(435): warning C4244: 'argument': conversion from 'time_t' to 'unsigned int', possible loss of data
  mobclass.cpp
  Sojourner.cpp
  weapon.cpp
  Generating Code...
  Main.cpp.vcxproj -> C:\Users\Noah\source\repos\CIS108_lab10-redo2\CIS108_lab10-master2\The Phantom Runes2\TPR2\x64\Debug\TPR.exe
